[1/9] Performing build step for 'bootloader'
[1/1] cmd.exe /C "cd /D D:\ESP-IDF\Espressif\frameworks\esp-idf-v5.0.4\examples\native_ota_library\build\bootloader\esp-idf\esptool_py && D:\ESP-IDF\Espressif\python_env\idf5.0_py3.11_env\Scripts\python.exe D:/ESP-IDF/Espressif/frameworks/esp-idf-v5.0.4/components/partition_table/check_sizes.py --offset 0x8000 bootloader 0x1000 D:/ESP-IDF/Espressif/frameworks/esp-idf-v5.0.4/examples/native_ota_library/build/bootloader/bootloader.bin"
Bootloader binary size 0x6760 bytes. 0x8a0 bytes (8%) free.
[2/7] Building C object esp-idf/main/CMakeFiles/__idf_main.dir/native_ota_example.c.obj
D:/ESP-IDF/Espressif/frameworks/esp-idf-v5.0.4/examples/native_ota_library/main/native_ota_example.c: In function 'ota_init':
D:/ESP-IDF/Espressif/frameworks/esp-idf-v5.0.4/examples/native_ota_library/main/native_ota_example.c:202:30: warning: unused variable 'config' [-Wunused-variable]
  202 |     esp_http_client_config_t config = {
      |                              ^~~~~~
In file included from D:/ESP-IDF/Espressif/frameworks/esp-idf-v5.0.4/examples/native_ota_library/main/native_ota_example.c:29:
D:/ESP-IDF/Espressif/frameworks/esp-idf-v5.0.4/examples/native_ota_library/main/native_ota_example.c: At top level:
D:/ESP-IDF/Espressif/frameworks/esp-idf-v5.0.4/examples/native_ota_library/main/native_ota_example.h:40:39: warning: 'task_fatal_error' used but never defined
   40 | static void __attribute__((noreturn)) task_fatal_error(void);
      |                                       ^~~~~~~~~~~~~~~~
[3/7] Linking C static library esp-idf\main\libmain.a
[4/7] Generating ld/sections.ld
[5/7] Linking CXX executable native_ota.elf
FAILED: native_ota.elf 
cmd.exe /C "cd . && D:\ESP-IDF\Espressif\tools\xtensa-esp32-elf\esp-2022r1-11.2.0\xtensa-esp32-elf\bin\xtensa-esp32-elf-g++.exe -mlongcalls -Wno-frame-address  @CMakeFiles\native_ota.elf.rsp -o native_ota.elf  && cd ."
d:/esp-idf/espressif/tools/xtensa-esp32-elf/esp-2022r1-11.2.0/xtensa-esp32-elf/bin/../lib/gcc/xtensa-esp32-elf/11.2.0/../../../../xtensa-esp32-elf/bin/ld.exe: esp-idf/main/libmain.a(native_ota_example.c.obj):(.literal.ota_example_task+0x34): undefined reference to `task_fatal_error'
d:/esp-idf/espressif/tools/xtensa-esp32-elf/esp-2022r1-11.2.0/xtensa-esp32-elf/bin/../lib/gcc/xtensa-esp32-elf/11.2.0/../../../../xtensa-esp32-elf/bin/ld.exe: esp-idf/main/libmain.a(native_ota_example.c.obj): in function `ota_example_task':
D:/ESP-IDF/Espressif/frameworks/esp-idf-v5.0.4/examples/native_ota_library/main/native_ota_example.c:202: undefined reference to `task_fatal_error'
d:/esp-idf/espressif/tools/xtensa-esp32-elf/esp-2022r1-11.2.0/xtensa-esp32-elf/bin/../lib/gcc/xtensa-esp32-elf/11.2.0/../../../../xtensa-esp32-elf/bin/ld.exe: D:/ESP-IDF/Espressif/frameworks/esp-idf-v5.0.4/examples/native_ota_library/main/native_ota_example.c:317: undefined reference to `task_fatal_error'
d:/esp-idf/espressif/tools/xtensa-esp32-elf/esp-2022r1-11.2.0/xtensa-esp32-elf/bin/../lib/gcc/xtensa-esp32-elf/11.2.0/../../../../xtensa-esp32-elf/bin/ld.exe: D:/ESP-IDF/Espressif/frameworks/esp-idf-v5.0.4/examples/native_ota_library/main/native_ota_example.c:319: undefined reference to `task_fatal_error'
d:/esp-idf/espressif/tools/xtensa-esp32-elf/esp-2022r1-11.2.0/xtensa-esp32-elf/bin/../lib/gcc/xtensa-esp32-elf/11.2.0/../../../../xtensa-esp32-elf/bin/ld.exe: D:/ESP-IDF/Espressif/frameworks/esp-idf-v5.0.4/examples/native_ota_library/main/native_ota_example.c:356: undefined reference to `task_fatal_error'
d:/esp-idf/espressif/tools/xtensa-esp32-elf/esp-2022r1-11.2.0/xtensa-esp32-elf/bin/../lib/gcc/xtensa-esp32-elf/11.2.0/../../../../xtensa-esp32-elf/bin/ld.exe: esp-idf/main/libmain.a(native_ota_example.c.obj):D:/ESP-IDF/Espressif/frameworks/esp-idf-v5.0.4/examples/native_ota_library/main/native_ota_example.c:359: more undefined references to `task_fatal_error' follow
collect2.exe: error: ld returned 1 exit status
ninja: build stopped: subcommand failed.
